<?xml version="1.0" encoding="UTF-8"?>
<robot generator="Robot 6.0.1 (Python 3.11.0 on win32)" generated="20221221 21:07:04.624" rpa="false" schemaversion="3">
<suite id="s1" name="Argumentos" source="c:\Users\danie\OneDrive\Área de Trabalho\AutomacaoRobotFramework\AutomacaoWeb\argumentos.robot">
<test id="s1-t1" name="Imprimindo um e-mail customizado e aleatório" line="12">
<kw name="Criar e-mail customizado e aleatório">
<var>${EMAIL_CRIADO}</var>
<arg>${PESSOA.nome}</arg>
<arg>${PESSOA.sobrenome}</arg>
<kw name="Set Variable" library="BuiltIn">
<var>${EMAIL_FINAL}</var>
<arg>${NOME}${SOBRENOME}${PALAVRA}@testerobot.com</arg>
<doc>Returns the given values which can then be assigned to a variables.</doc>
<msg timestamp="20221221 21:07:11.402" level="INFO">${EMAIL_FINAL} = FaFakerLibrary.Last nameFakerLibrary.Word@testerobot.com</msg>
<status status="PASS" starttime="20221221 21:07:11.401" endtime="20221221 21:07:11.426"/>
</kw>
<msg timestamp="20221221 21:07:11.428" level="INFO">${EMAIL_CRIADO} = FaFakerLibrary.Last nameFakerLibrary.Word@testerobot.com</msg>
<status status="PASS" starttime="20221221 21:07:11.394" endtime="20221221 21:07:11.429"/>
</kw>
<kw name="Log To Console" library="BuiltIn">
<arg>${EMAIL_CRIADO}</arg>
<doc>Logs the given message to the console.</doc>
<status status="PASS" starttime="20221221 21:07:11.432" endtime="20221221 21:07:11.435"/>
</kw>
<status status="PASS" starttime="20221221 21:07:11.391" endtime="20221221 21:07:11.438"/>
</test>
<status status="PASS" starttime="20221221 21:07:04.683" endtime="20221221 21:07:11.442"/>
</suite>
<statistics>
<total>
<stat pass="1" fail="0" skip="0">All Tests</stat>
</total>
<tag>
</tag>
<suite>
<stat pass="1" fail="0" skip="0" id="s1" name="Argumentos">Argumentos</stat>
</suite>
</statistics>
<errors>
</errors>
</robot>
