<?xml version="1.0" encoding="UTF-8"?>
<robot generator="Robot 6.0.1 (Python 3.11.0 on win32)" generated="20221120 13:29:16.023" rpa="false" schemaversion="3">
<suite id="s1" name="Amazon Teste" source="C:\Users\danie\OneDrive\Área de Trabalho\AutomacaoRobotFramework\AutomacaoWeb\amazon_teste.robot">
<test id="s1-t1" name="Caso de Teste 01 - Acesso ao menu &quot;Eletrônicos&quot;" line="9">
<kw name="Abrir o navegador" library="amazon_resources" type="SETUP">
<kw name="Open Browser" library="SeleniumLibrary">
<arg>browser=chrome</arg>
<doc>Opens a new browser instance to the optional ``url``.</doc>
<msg timestamp="20221120 13:29:18.156" level="INFO">Opening browser 'chrome' to base url 'None'.</msg>
<status status="PASS" starttime="20221120 13:29:18.156" endtime="20221120 13:29:28.081"/>
</kw>
<kw name="Maximize Browser Window" library="SeleniumLibrary">
<doc>Maximizes current browser window.</doc>
<status status="PASS" starttime="20221120 13:29:28.081" endtime="20221120 13:29:28.209"/>
</kw>
<status status="PASS" starttime="20221120 13:29:18.156" endtime="20221120 13:29:28.209"/>
</kw>
<kw name="Acessar a home page do site Amazon.com.br" library="amazon_resources">
<kw name="Go To" library="SeleniumLibrary">
<arg>url=${URL}</arg>
<doc>Navigates the current browser window to the provided ``url``.</doc>
<msg timestamp="20221120 13:29:28.210" level="INFO">Opening url 'https://www.amazon.com.br/'</msg>
<status status="PASS" starttime="20221120 13:29:28.210" endtime="20221120 13:29:31.563"/>
</kw>
<kw name="Wait Until Element Is Visible" library="SeleniumLibrary">
<arg>locator=${MENU_ELETRONICOS}</arg>
<doc>Waits until the element ``locator`` is visible.</doc>
<status status="PASS" starttime="20221120 13:29:31.563" endtime="20221120 13:29:31.697"/>
</kw>
<status status="PASS" starttime="20221120 13:29:28.210" endtime="20221120 13:29:31.697"/>
</kw>
<kw name="Verificar se o titulo da pagina fica &quot;Amazon.com.br | Tudo pra você, de A a Z.&quot;" library="amazon_resources" sourcename="Verificar se o titulo da pagina fica &quot;${TITULO}&quot;">
<kw name="Title Should Be" library="SeleniumLibrary">
<arg>title=${TITULO}</arg>
<doc>Verifies that the current page title equals ``title``.</doc>
<msg timestamp="20221120 13:29:31.705" level="INFO">Page title is 'Amazon.com.br | Tudo pra você, de A a Z.'.</msg>
<status status="PASS" starttime="20221120 13:29:31.698" endtime="20221120 13:29:31.705"/>
</kw>
<status status="PASS" starttime="20221120 13:29:31.698" endtime="20221120 13:29:31.705"/>
</kw>
<kw name="Entrar no menu &quot;Eletrônicos&quot;" library="amazon_resources">
<kw name="Click Element" library="SeleniumLibrary">
<arg>${MENU_ELETRONICOS}</arg>
<doc>Click the element identified by ``locator``.</doc>
<msg timestamp="20221120 13:29:31.706" level="INFO">Clicking element 'xpath=//a[.='Eletrônicos']'.</msg>
<status status="PASS" starttime="20221120 13:29:31.706" endtime="20221120 13:29:32.654"/>
</kw>
<status status="PASS" starttime="20221120 13:29:31.705" endtime="20221120 13:29:32.654"/>
</kw>
<kw name="Verificar se aparece a categoria &quot;Computadores e Informática&quot;" library="amazon_resources" sourcename="Verificar se aparece a categoria &quot;${CATEGORIA_ELETRONICOS}&quot;">
<kw name="Wait Until Element Is Visible" library="SeleniumLibrary">
<arg>locator=xpath=//a[5]/span[normalize-space(.)='${CATEGORIA_ELETRONICOS}']</arg>
<doc>Waits until the element ``locator`` is visible.</doc>
<status status="PASS" starttime="20221120 13:29:32.655" endtime="20221120 13:29:32.926"/>
</kw>
<status status="PASS" starttime="20221120 13:29:32.654" endtime="20221120 13:29:32.926"/>
</kw>
<kw name="Verificar se aparece a frase &quot;Eletrônicos e Tecnologia&quot;" library="amazon_resources">
<kw name="Wait Until Element Is Visible" library="SeleniumLibrary">
<arg>locator=${TITULO_DEPARTAMENTO}</arg>
<doc>Waits until the element ``locator`` is visible.</doc>
<status status="PASS" starttime="20221120 13:29:32.927" endtime="20221120 13:29:33.953"/>
</kw>
<status status="PASS" starttime="20221120 13:29:32.927" endtime="20221120 13:29:33.954"/>
</kw>
<kw name="Fechar o navegador" library="amazon_resources" type="TEARDOWN">
<kw name="Capture Page Screenshot" library="SeleniumLibrary">
<doc>Takes a screenshot of the current page and embeds it into a log file.</doc>
<msg timestamp="20221120 13:29:34.936" level="INFO" html="true">&lt;/td&gt;&lt;/tr&gt;&lt;tr&gt;&lt;td colspan="3"&gt;&lt;a href="selenium-screenshot-1.png"&gt;&lt;img src="selenium-screenshot-1.png" width="800px"&gt;&lt;/a&gt;</msg>
<status status="PASS" starttime="20221120 13:29:33.955" endtime="20221120 13:29:34.936"/>
</kw>
<kw name="Close Browser" library="SeleniumLibrary">
<doc>Closes the current browser.</doc>
<status status="PASS" starttime="20221120 13:29:34.936" endtime="20221120 13:29:37.238"/>
</kw>
<status status="PASS" starttime="20221120 13:29:33.954" endtime="20221120 13:29:37.238"/>
</kw>
<doc>Este teste verifica o menu eletronico do site
e verifica a categoria de computadores e informatica</doc>
<tag>menus</tag>
<status status="PASS" starttime="20221120 13:29:18.155" endtime="20221120 13:29:37.238"/>
</test>
<test id="s1-t2" name="Caso de Teste 02 - Pesquisa de um Produto" line="20">
<kw name="Abrir o navegador" library="amazon_resources" type="SETUP">
<kw name="Open Browser" library="SeleniumLibrary">
<arg>browser=chrome</arg>
<doc>Opens a new browser instance to the optional ``url``.</doc>
<msg timestamp="20221120 13:29:37.240" level="INFO">Opening browser 'chrome' to base url 'None'.</msg>
<status status="PASS" starttime="20221120 13:29:37.240" endtime="20221120 13:29:39.086"/>
</kw>
<kw name="Maximize Browser Window" library="SeleniumLibrary">
<doc>Maximizes current browser window.</doc>
<status status="PASS" starttime="20221120 13:29:39.086" endtime="20221120 13:29:39.216"/>
</kw>
<status status="PASS" starttime="20221120 13:29:37.240" endtime="20221120 13:29:39.218"/>
</kw>
<kw name="Acessar a home page do site Amazon.com.br" library="amazon_resources">
<kw name="Go To" library="SeleniumLibrary">
<arg>url=${URL}</arg>
<doc>Navigates the current browser window to the provided ``url``.</doc>
<msg timestamp="20221120 13:29:39.220" level="INFO">Opening url 'https://www.amazon.com.br/'</msg>
<status status="PASS" starttime="20221120 13:29:39.219" endtime="20221120 13:29:41.499"/>
</kw>
<kw name="Wait Until Element Is Visible" library="SeleniumLibrary">
<arg>locator=${MENU_ELETRONICOS}</arg>
<doc>Waits until the element ``locator`` is visible.</doc>
<status status="PASS" starttime="20221120 13:29:41.499" endtime="20221120 13:29:41.567"/>
</kw>
<status status="PASS" starttime="20221120 13:29:39.219" endtime="20221120 13:29:41.567"/>
</kw>
<kw name="Digitar o nome de produto &quot;Xbox Series S&quot; no campo de pesquisa" library="amazon_resources" sourcename="Digitar o nome de produto &quot;${PRODUTO}&quot; no campo de pesquisa">
<kw name="Input Text" library="SeleniumLibrary">
<arg>locator=${BARRA_PESQUISA}</arg>
<arg>text=${PRODUTO}</arg>
<doc>Types the given ``text`` into the text field identified by ``locator``.</doc>
<msg timestamp="20221120 13:29:41.570" level="INFO">Typing text 'Xbox Series S' into text field 'css=#twotabsearchtextbox'.</msg>
<status status="PASS" starttime="20221120 13:29:41.568" endtime="20221120 13:29:41.869"/>
</kw>
<status status="PASS" starttime="20221120 13:29:41.568" endtime="20221120 13:29:41.869"/>
</kw>
<kw name="Clicar no botão de pesquisa" library="amazon_resources">
<kw name="Click Element" library="SeleniumLibrary">
<arg>locator=${PESQUISAR}</arg>
<doc>Click the element identified by ``locator``.</doc>
<msg timestamp="20221120 13:29:41.871" level="INFO">Clicking element 'css=#nav-search-submit-button'.</msg>
<status status="PASS" starttime="20221120 13:29:41.870" endtime="20221120 13:29:42.012"/>
</kw>
<status status="PASS" starttime="20221120 13:29:41.870" endtime="20221120 13:29:42.012"/>
</kw>
<kw name="Verificar o resultado da pesquisa esta listando o produto &quot;Console Xbox Series S&quot;" library="amazon_resources" sourcename="Verificar o resultado da pesquisa esta listando o produto &quot;${NOME_PRODUTO}&quot;">
<kw name="Wait Until Element Is Visible" library="SeleniumLibrary">
<arg>locator=//span[.='${NOME_PRODUTO}']</arg>
<doc>Waits until the element ``locator`` is visible.</doc>
<status status="PASS" starttime="20221120 13:29:42.014" endtime="20221120 13:29:42.803"/>
</kw>
<status status="PASS" starttime="20221120 13:29:42.013" endtime="20221120 13:29:42.803"/>
</kw>
<kw name="Fechar o navegador" library="amazon_resources" type="TEARDOWN">
<kw name="Capture Page Screenshot" library="SeleniumLibrary">
<doc>Takes a screenshot of the current page and embeds it into a log file.</doc>
<msg timestamp="20221120 13:29:46.155" level="INFO" html="true">&lt;/td&gt;&lt;/tr&gt;&lt;tr&gt;&lt;td colspan="3"&gt;&lt;a href="selenium-screenshot-2.png"&gt;&lt;img src="selenium-screenshot-2.png" width="800px"&gt;&lt;/a&gt;</msg>
<status status="PASS" starttime="20221120 13:29:42.805" endtime="20221120 13:29:46.155"/>
</kw>
<kw name="Close Browser" library="SeleniumLibrary">
<doc>Closes the current browser.</doc>
<status status="PASS" starttime="20221120 13:29:46.155" endtime="20221120 13:29:48.361"/>
</kw>
<status status="PASS" starttime="20221120 13:29:42.804" endtime="20221120 13:29:48.361"/>
</kw>
<doc>Este teste pesquisa um produto
e verifica se a busca é realizada</doc>
<tag>busca_produtos</tag>
<status status="PASS" starttime="20221120 13:29:37.239" endtime="20221120 13:29:48.361"/>
</test>
<doc>Essa suite testa o site da Amazon</doc>
<status status="PASS" starttime="20221120 13:29:16.026" endtime="20221120 13:29:48.363"/>
</suite>
<statistics>
<total>
<stat pass="2" fail="0" skip="0">All Tests</stat>
</total>
<tag>
<stat pass="1" fail="0" skip="0">busca_produtos</stat>
<stat pass="1" fail="0" skip="0">menus</stat>
</tag>
<suite>
<stat pass="2" fail="0" skip="0" id="s1" name="Amazon Teste">Amazon Teste</stat>
</suite>
</statistics>
<errors>
</errors>
</robot>
