<?xml version="1.0" encoding="UTF-8"?>
<robot generator="Robot 6.0.1 (Python 3.11.0 on win32)" generated="20221214 20:52:40.376" rpa="false" schemaversion="3">
<suite id="s1" name="testCasesApiBooks" source="C:\Users\danie\OneDrive\Área de Trabalho\AutomacaoRobotFramework\AutomacaoAPI\testCasesApiBooks.robot">
<kw name="Conectar a api" library="api_resources" type="SETUP">
<kw name="Create Session" library="RequestsLibrary">
<arg>apiFaker</arg>
<arg>${URL}</arg>
<doc>Create Session: create a HTTP session to a server</doc>
<msg timestamp="20221214 20:52:43.126" level="INFO">Creating Session using : alias=apiFaker, url=https://fakerestapi.azurewebsites.net/api/, headers={},                     cookies={}, auth=None, timeout=None, proxies=None, verify=False,                     debug=0 </msg>
<status status="PASS" starttime="20221214 20:52:43.125" endtime="20221214 20:52:43.126"/>
</kw>
<kw name="Log" library="BuiltIn">
<arg>message</arg>
<doc>Logs the given message with the given level.</doc>
<msg timestamp="20221214 20:52:43.126" level="INFO">message</msg>
<status status="PASS" starttime="20221214 20:52:43.126" endtime="20221214 20:52:43.126"/>
</kw>
<status status="PASS" starttime="20221214 20:52:43.125" endtime="20221214 20:52:43.126"/>
</kw>
<test id="s1-t1" name="Buscar a listagem de todos os livros" line="9">
<kw name="Requisitar a api" library="api_resources">
<kw name="Get Request" library="RequestsLibrary">
<var>${RESPOSTA}</var>
<arg>apiFaker</arg>
<arg>Books</arg>
<doc>*DEPRECATED* Please use `GET On Session` instead.</doc>
<msg timestamp="20221214 20:52:43.127" level="WARN">Keyword 'RequestsLibrary.Get Request' is deprecated. Please use `GET On Session` instead.</msg>
<msg timestamp="20221214 20:52:44.622" level="INFO">GET Request : url=https://fakerestapi.azurewebsites.net/api/Books 
 path_url=/api/Books 
 headers={'User-Agent': 'python-requests/2.28.1', 'Accept-Encoding': 'gzip, deflate', 'Accept': '*/*', 'Connection': 'keep-alive'} 
 body=None 
 </msg>
<msg timestamp="20221214 20:52:44.622" level="INFO">GET Response : url=https://fakerestapi.azurewebsites.net/api/Books 
 status=404, reason=Not Found 
 headers={'Content-Length': '0', 'Date': 'Wed, 14 Dec 2022 23:52:44 GMT', 'Server': 'Kestrel'} 
 body=None 
 </msg>
<msg timestamp="20221214 20:52:44.622" level="INFO">C:\Users\danie\AppData\Local\Programs\Python\Python311\Lib\site-packages\urllib3\connectionpool.py:1045: InsecureRequestWarning: Unverified HTTPS request is being made to host 'fakerestapi.azurewebsites.net'. Adding certificate verification is strongly advised. See: https://urllib3.readthedocs.io/en/1.26.x/advanced-usage.html#ssl-warnings
  warnings.warn(</msg>
<msg timestamp="20221214 20:52:44.624" level="INFO">${RESPOSTA} = &lt;Response [404]&gt;</msg>
<status status="PASS" starttime="20221214 20:52:43.127" endtime="20221214 20:52:44.624"/>
</kw>
<kw name="Log" library="BuiltIn">
<arg>${RESPOSTA.json}</arg>
<doc>Logs the given message with the given level.</doc>
<msg timestamp="20221214 20:52:44.627" level="INFO">&lt;bound method Response.json of &lt;Response [404]&gt;&gt;</msg>
<status status="PASS" starttime="20221214 20:52:44.625" endtime="20221214 20:52:44.627"/>
</kw>
<status status="PASS" starttime="20221214 20:52:43.127" endtime="20221214 20:52:44.628"/>
</kw>
<status status="PASS" starttime="20221214 20:52:43.126" endtime="20221214 20:52:44.628"/>
</test>
<doc>Este teste será realizado para validar....</doc>
<status status="PASS" starttime="20221214 20:52:40.503" endtime="20221214 20:52:44.631"/>
</suite>
<statistics>
<total>
<stat pass="1" fail="0" skip="0">All Tests</stat>
</total>
<tag>
</tag>
<suite>
<stat pass="1" fail="0" skip="0" id="s1" name="testCasesApiBooks">testCasesApiBooks</stat>
</suite>
</statistics>
<errors>
<msg timestamp="20221214 20:52:43.127" level="WARN">Keyword 'RequestsLibrary.Get Request' is deprecated. Please use `GET On Session` instead.</msg>
</errors>
</robot>
